build/app/intermediates/manifest_merge_blame_file/debug/manifest-merger-blame-debug-report.txt
1<?xml version="1.0" encoding="utf-8"?>
2<manifest xmlns:android="http://schemas.android.com/apk/res/android"
3    package="com.fanscout.app.project"
4    android:versionCode="1"
5    android:versionName="1.0.0" >
6
7    <uses-sdk
8        android:minSdkVersion="23"
9        android:targetSdkVersion="28" />
10    <!--
11         Flutter needs it to communicate with the running application
12         to allow setting breakpoints, to provide hot reload, etc.
13    -->
14    <uses-permission android:name="android.permission.INTERNET" />
14-->src/main/AndroidManifest.xml:65:5-66
14-->src/main/AndroidManifest.xml:65:22-64
15
16    <queries>
16-->[:twitter_login] AndroidManifest.xml:7:5-11:15
17        <intent>
17-->[:twitter_login] AndroidManifest.xml:8:9-10:18
18            <action android:name="android.support.customtabs.action.CustomTabsService" />
18-->[:twitter_login] AndroidManifest.xml:9:13-90
18-->[:twitter_login] AndroidManifest.xml:9:21-87
19        </intent>
20    </queries>
21
22    <uses-permission android:name="android.permission.ACCESS_NETWORK_STATE" />
22-->[com.google.firebase:firebase-auth:21.0.1] AndroidManifest.xml:24:5-79
22-->[com.google.firebase:firebase-auth:21.0.1] AndroidManifest.xml:24:22-76
23    <!--
24 io.flutter.app.FlutterApplication is an android.app.Application that
25         calls FlutterMain.startInitialization(this); in its onCreate method.
26         In most cases you can leave this as-is, but you if you want to provide
27         additional functionality it is fine to subclass or reimplement
28         FlutterApplication and put your custom class here.
29    -->
30    <application
30-->src/main/AndroidManifest.xml:9:5-63:19
31        android:appComponentFactory="androidx.core.app.CoreComponentFactory"
31-->[androidx.core:core:1.1.0] AndroidManifest.xml:24:18-86
32        android:debuggable="true"
33        android:extractNativeLibs="false"
34        android:icon="@mipmap/ic_launcher"
34-->src/main/AndroidManifest.xml:11:9-43
35        android:label="Fan Scout"
35-->src/main/AndroidManifest.xml:10:9-34
36        android:supportsRtl="true" >
36-->[com.facebook.android:facebook-login:5.5.1] AndroidManifest.xml:28:18-44
37        <activity
37-->src/main/AndroidManifest.xml:12:9-32:20
38            android:name="com.fanscout.app.project.MainActivity"
38-->src/main/AndroidManifest.xml:13:13-41
39            android:configChanges="orientation|keyboardHidden|keyboard|screenSize|locale|layoutDirection|fontScale|screenLayout|density|uiMode"
39-->src/main/AndroidManifest.xml:16:13-144
40            android:hardwareAccelerated="true"
40-->src/main/AndroidManifest.xml:17:13-47
41            android:launchMode="singleTop"
41-->src/main/AndroidManifest.xml:14:13-43
42            android:theme="@style/LaunchTheme"
42-->src/main/AndroidManifest.xml:15:13-47
43            android:windowSoftInputMode="adjustResize" >
43-->src/main/AndroidManifest.xml:18:13-55
44
45            <!--
46                 This keeps the window background of the activity showing
47                 until Flutter renders its first frame. It can be removed if
48                 there is no splash screen (such as the default splash screen
49                 defined in @style/LaunchTheme).
50            -->
51
52            <intent-filter>
52-->src/main/AndroidManifest.xml:24:13-31:29
53                <action android:name="android.intent.action.VIEW" />
53-->src/main/AndroidManifest.xml:25:17-69
53-->src/main/AndroidManifest.xml:25:25-66
54
55                <category android:name="android.intent.category.DEFAULT" />
55-->src/main/AndroidManifest.xml:26:5-64
55-->src/main/AndroidManifest.xml:26:15-61
56                <category android:name="android.intent.category.BROWSABLE" />
56-->src/main/AndroidManifest.xml:27:5-66
56-->src/main/AndroidManifest.xml:27:15-63
57
58                <action android:name="android.intent.action.MAIN" />
58-->src/main/AndroidManifest.xml:28:5-56
58-->src/main/AndroidManifest.xml:28:13-54
59
60                <category android:name="android.intent.category.LAUNCHER" />
60-->src/main/AndroidManifest.xml:29:5-64
60-->src/main/AndroidManifest.xml:29:15-62
61
62                <data android:scheme="twitter-firebase-auth" />
62-->src/main/AndroidManifest.xml:30:9-55
62-->src/main/AndroidManifest.xml:30:15-53
63            </intent-filter>
64        </activity>
65
66        <!-- Specify that the launch screen should continue being displayed -->
67        <!-- until Flutter renders its first frame. -->
68        <meta-data
68-->src/main/AndroidManifest.xml:36:9-38:62
69            android:name="io.flutter.embedding.android.SplashScreenDrawable"
69-->src/main/AndroidManifest.xml:37:13-77
70            android:resource="@drawable/launch_background" />
70-->src/main/AndroidManifest.xml:38:13-59
71
72        <!-- Theme to apply as soon as Flutter begins rendering frames -->
73        <meta-data
73-->src/main/AndroidManifest.xml:41:9-43:33
74            android:name="flutterEmbedding"
74-->src/main/AndroidManifest.xml:42:13-44
75            android:value="2" />
75-->src/main/AndroidManifest.xml:43:13-30
76        <meta-data
76-->src/main/AndroidManifest.xml:45:9-46:61
77            android:name="com.facebook.sdk.ApplicationId"
77-->src/main/AndroidManifest.xml:45:20-65
78            android:value="@string/facebook_app_id" />
78-->src/main/AndroidManifest.xml:46:20-59
79
80        <activity
80-->src/main/AndroidManifest.xml:48:9-51:54
81            android:name="com.facebook.FacebookActivity"
81-->src/main/AndroidManifest.xml:48:19-63
82            android:configChanges="keyboard|keyboardHidden|screenLayout|screenSize|orientation"
82-->src/main/AndroidManifest.xml:49:19-129
83            android:label="@string/app_name"
83-->src/main/AndroidManifest.xml:51:19-51
84            android:theme="@style/com_facebook_activity_theme" />
84-->[com.facebook.android:facebook-common:5.5.1] AndroidManifest.xml:32:13-63
85        <activity
85-->src/main/AndroidManifest.xml:52:9-61:20
86            android:name="com.facebook.CustomTabActivity"
86-->src/main/AndroidManifest.xml:53:17-62
87            android:exported="true" >
87-->src/main/AndroidManifest.xml:54:17-40
88            <intent-filter>
88-->src/main/AndroidManifest.xml:55:13-60:29
89                <action android:name="android.intent.action.VIEW" />
89-->src/main/AndroidManifest.xml:25:17-69
89-->src/main/AndroidManifest.xml:25:25-66
90
91                <category android:name="android.intent.category.DEFAULT" />
91-->src/main/AndroidManifest.xml:26:5-64
91-->src/main/AndroidManifest.xml:26:15-61
92                <category android:name="android.intent.category.BROWSABLE" />
92-->src/main/AndroidManifest.xml:27:5-66
92-->src/main/AndroidManifest.xml:27:15-63
93
94                <data android:scheme="@string/fb_login_protocol_scheme" />
94-->src/main/AndroidManifest.xml:30:9-55
94-->src/main/AndroidManifest.xml:30:15-53
95            </intent-filter>
96        </activity>
97
98        <service
98-->[:firebase_auth] AndroidManifest.xml:8:9-12:19
99            android:name="com.google.firebase.components.ComponentDiscoveryService"
99-->[:firebase_auth] AndroidManifest.xml:8:18-89
100            android:directBootAware="true"
100-->[com.google.firebase:firebase-common:20.0.0] AndroidManifest.xml:35:13-43
101            android:exported="false" >
101-->[com.google.firebase:firebase-auth:21.0.1] AndroidManifest.xml:76:13-37
102            <meta-data
102-->[:firebase_auth] AndroidManifest.xml:9:13-11:85
103                android:name="com.google.firebase.components:io.flutter.plugins.firebase.auth.FlutterFirebaseAuthRegistrar"
103-->[:firebase_auth] AndroidManifest.xml:10:17-124
104                android:value="com.google.firebase.components.ComponentRegistrar" />
104-->[:firebase_auth] AndroidManifest.xml:11:17-82
105            <meta-data
105-->[:cloud_firestore] AndroidManifest.xml:9:13-11:85
106                android:name="com.google.firebase.components:io.flutter.plugins.firebase.firestore.FlutterFirebaseFirestoreRegistrar"
106-->[:cloud_firestore] AndroidManifest.xml:10:17-134
107                android:value="com.google.firebase.components.ComponentRegistrar" />
107-->[:cloud_firestore] AndroidManifest.xml:11:17-82
108            <meta-data
108-->[:firebase_core] AndroidManifest.xml:9:13-11:85
109                android:name="com.google.firebase.components:io.flutter.plugins.firebase.core.FlutterFirebaseCoreRegistrar"
109-->[:firebase_core] AndroidManifest.xml:10:17-124
110                android:value="com.google.firebase.components.ComponentRegistrar" />
110-->[:firebase_core] AndroidManifest.xml:11:17-82
111            <meta-data
111-->[com.google.firebase:firebase-auth:21.0.1] AndroidManifest.xml:77:13-79:85
112                android:name="com.google.firebase.components:com.google.firebase.auth.FirebaseAuthRegistrar"
112-->[com.google.firebase:firebase-auth:21.0.1] AndroidManifest.xml:78:17-109
113                android:value="com.google.firebase.components.ComponentRegistrar" />
113-->[com.google.firebase:firebase-auth:21.0.1] AndroidManifest.xml:79:17-82
114            <meta-data
114-->[com.google.firebase:firebase-firestore:23.0.1] AndroidManifest.xml:20:13-22:85
115                android:name="com.google.firebase.components:com.google.firebase.firestore.FirestoreRegistrar"
115-->[com.google.firebase:firebase-firestore:23.0.1] AndroidManifest.xml:21:17-111
116                android:value="com.google.firebase.components.ComponentRegistrar" />
116-->[com.google.firebase:firebase-firestore:23.0.1] AndroidManifest.xml:22:17-82
117        </service>
118
119        <activity android:name="com.maru.twitter_login.chrome_custom_tabs.ChromeCustomTabsActivity" />
119-->[:twitter_login] AndroidManifest.xml:14:9-103
119-->[:twitter_login] AndroidManifest.xml:14:19-100
120        <activity
120-->[com.google.firebase:firebase-auth:21.0.1] AndroidManifest.xml:27:9-44:20
121            android:name="com.google.firebase.auth.internal.GenericIdpActivity"
121-->[com.google.firebase:firebase-auth:21.0.1] AndroidManifest.xml:28:13-80
122            android:excludeFromRecents="true"
122-->[com.google.firebase:firebase-auth:21.0.1] AndroidManifest.xml:29:13-46
123            android:exported="true"
123-->[com.google.firebase:firebase-auth:21.0.1] AndroidManifest.xml:30:13-36
124            android:launchMode="singleTask"
124-->[com.google.firebase:firebase-auth:21.0.1] AndroidManifest.xml:31:13-44
125            android:theme="@android:style/Theme.Translucent.NoTitleBar" >
125-->[com.google.firebase:firebase-auth:21.0.1] AndroidManifest.xml:32:13-72
126            <intent-filter>
126-->[com.google.firebase:firebase-auth:21.0.1] AndroidManifest.xml:33:13-43:29
127                <action android:name="android.intent.action.VIEW" />
127-->src/main/AndroidManifest.xml:25:17-69
127-->src/main/AndroidManifest.xml:25:25-66
128
129                <category android:name="android.intent.category.DEFAULT" />
129-->src/main/AndroidManifest.xml:26:5-64
129-->src/main/AndroidManifest.xml:26:15-61
130                <category android:name="android.intent.category.BROWSABLE" />
130-->src/main/AndroidManifest.xml:27:5-66
130-->src/main/AndroidManifest.xml:27:15-63
131
132                <data
132-->src/main/AndroidManifest.xml:30:9-55
133                    android:host="firebase.auth"
134                    android:path="/"
135                    android:scheme="genericidp" />
135-->src/main/AndroidManifest.xml:30:15-53
136            </intent-filter>
137        </activity>
138        <activity
138-->[com.google.firebase:firebase-auth:21.0.1] AndroidManifest.xml:45:9-62:20
139            android:name="com.google.firebase.auth.internal.RecaptchaActivity"
139-->[com.google.firebase:firebase-auth:21.0.1] AndroidManifest.xml:46:13-79
140            android:excludeFromRecents="true"
140-->[com.google.firebase:firebase-auth:21.0.1] AndroidManifest.xml:47:13-46
141            android:exported="true"
141-->[com.google.firebase:firebase-auth:21.0.1] AndroidManifest.xml:48:13-36
142            android:launchMode="singleTask"
142-->[com.google.firebase:firebase-auth:21.0.1] AndroidManifest.xml:49:13-44
143            android:theme="@android:style/Theme.Translucent.NoTitleBar" >
143-->[com.google.firebase:firebase-auth:21.0.1] AndroidManifest.xml:50:13-72
144            <intent-filter>
144-->[com.google.firebase:firebase-auth:21.0.1] AndroidManifest.xml:51:13-61:29
145                <action android:name="android.intent.action.VIEW" />
145-->src/main/AndroidManifest.xml:25:17-69
145-->src/main/AndroidManifest.xml:25:25-66
146
147                <category android:name="android.intent.category.DEFAULT" />
147-->src/main/AndroidManifest.xml:26:5-64
147-->src/main/AndroidManifest.xml:26:15-61
148                <category android:name="android.intent.category.BROWSABLE" />
148-->src/main/AndroidManifest.xml:27:5-66
148-->src/main/AndroidManifest.xml:27:15-63
149
150                <data
150-->src/main/AndroidManifest.xml:30:9-55
151                    android:host="firebase.auth"
152                    android:path="/"
153                    android:scheme="recaptcha" />
153-->src/main/AndroidManifest.xml:30:15-53
154            </intent-filter>
155        </activity>
156
157        <service
157-->[com.google.firebase:firebase-auth:21.0.1] AndroidManifest.xml:64:9-73:19
158            android:name="com.google.firebase.auth.api.fallback.service.FirebaseAuthFallbackService"
158-->[com.google.firebase:firebase-auth:21.0.1] AndroidManifest.xml:65:13-101
159            android:enabled="true"
159-->[com.google.firebase:firebase-auth:21.0.1] AndroidManifest.xml:66:13-35
160            android:exported="false" >
160-->[com.google.firebase:firebase-auth:21.0.1] AndroidManifest.xml:67:13-37
161            <intent-filter>
161-->[com.google.firebase:firebase-auth:21.0.1] AndroidManifest.xml:68:13-72:29
162                <action android:name="com.google.firebase.auth.api.gms.service.START" />
162-->[com.google.firebase:firebase-auth:21.0.1] AndroidManifest.xml:69:17-89
162-->[com.google.firebase:firebase-auth:21.0.1] AndroidManifest.xml:69:25-86
163
164                <category android:name="android.intent.category.DEFAULT" />
164-->src/main/AndroidManifest.xml:26:5-64
164-->src/main/AndroidManifest.xml:26:15-61
165            </intent-filter>
166        </service>
167
168        <activity android:name="com.facebook.CustomTabMainActivity" />
168-->[com.facebook.android:facebook-common:5.5.1] AndroidManifest.xml:33:9-71
168-->[com.facebook.android:facebook-common:5.5.1] AndroidManifest.xml:33:19-68
169        <activity
169-->[com.google.android.gms:play-services-auth:16.0.1] AndroidManifest.xml:23:9-27:75
170            android:name="com.google.android.gms.auth.api.signin.internal.SignInHubActivity"
170-->[com.google.android.gms:play-services-auth:16.0.1] AndroidManifest.xml:24:13-93
171            android:excludeFromRecents="true"
171-->[com.google.android.gms:play-services-auth:16.0.1] AndroidManifest.xml:25:13-46
172            android:exported="false"
172-->[com.google.android.gms:play-services-auth:16.0.1] AndroidManifest.xml:26:13-37
173            android:theme="@android:style/Theme.Translucent.NoTitleBar" />
173-->[com.google.android.gms:play-services-auth:16.0.1] AndroidManifest.xml:27:13-72
174        <!--
175            Service handling Google Sign-In user revocation. For apps that do not integrate with
176            Google Sign-In, this service will never be started.
177        -->
178        <service
178-->[com.google.android.gms:play-services-auth:16.0.1] AndroidManifest.xml:33:9-36:110
179            android:name="com.google.android.gms.auth.api.signin.RevocationBoundService"
179-->[com.google.android.gms:play-services-auth:16.0.1] AndroidManifest.xml:34:13-89
180            android:exported="true"
180-->[com.google.android.gms:play-services-auth:16.0.1] AndroidManifest.xml:35:13-36
181            android:permission="com.google.android.gms.auth.api.signin.permission.REVOCATION_NOTIFICATION" />
181-->[com.google.android.gms:play-services-auth:16.0.1] AndroidManifest.xml:36:13-107
182
183        <activity
183-->[com.google.android.gms:play-services-base:17.1.0] AndroidManifest.xml:23:9-26:75
184            android:name="com.google.android.gms.common.api.GoogleApiActivity"
184-->[com.google.android.gms:play-services-base:17.1.0] AndroidManifest.xml:24:13-79
185            android:exported="false"
185-->[com.google.android.gms:play-services-base:17.1.0] AndroidManifest.xml:25:13-37
186            android:theme="@android:style/Theme.Translucent.NoTitleBar" />
186-->[com.google.android.gms:play-services-base:17.1.0] AndroidManifest.xml:26:13-72
187
188        <provider
188-->[com.google.firebase:firebase-common:20.0.0] AndroidManifest.xml:26:9-31:39
189            android:name="com.google.firebase.provider.FirebaseInitProvider"
189-->[com.google.firebase:firebase-common:20.0.0] AndroidManifest.xml:27:13-77
190            android:authorities="com.fanscout.app.project.firebaseinitprovider"
190-->[com.google.firebase:firebase-common:20.0.0] AndroidManifest.xml:28:13-72
191            android:directBootAware="true"
191-->[com.google.firebase:firebase-common:20.0.0] AndroidManifest.xml:29:13-43
192            android:exported="false"
192-->[com.google.firebase:firebase-common:20.0.0] AndroidManifest.xml:30:13-37
193            android:initOrder="100" />
193-->[com.google.firebase:firebase-common:20.0.0] AndroidManifest.xml:31:13-36
194
195        <meta-data
195-->[com.google.android.gms:play-services-basement:17.1.0] AndroidManifest.xml:23:9-25:69
196            android:name="com.google.android.gms.version"
196-->[com.google.android.gms:play-services-basement:17.1.0] AndroidManifest.xml:24:13-58
197            android:value="@integer/google_play_services_version" />
197-->[com.google.android.gms:play-services-basement:17.1.0] AndroidManifest.xml:25:13-66
198        <!--
199         The initialization ContentProvider will call FacebookSdk.sdkInitialize automatically
200         with the application context. This config is merged in with the host app's manifest,
201         but there can only be one provider with the same authority activated at any given
202         point; so if the end user has two or more different apps that use Facebook SDK, only the
203         first one will be able to use the provider. To work around this problem, we use the
204         following placeholder in the authority to identify each host application as if it was
205         a completely different provider.
206        -->
207        <provider
207-->[com.facebook.android:facebook-core:5.5.1] AndroidManifest.xml:39:9-42:40
208            android:name="com.facebook.internal.FacebookInitProvider"
208-->[com.facebook.android:facebook-core:5.5.1] AndroidManifest.xml:40:13-70
209            android:authorities="com.fanscout.app.project.FacebookInitProvider"
209-->[com.facebook.android:facebook-core:5.5.1] AndroidManifest.xml:41:13-72
210            android:exported="false" />
210-->[com.facebook.android:facebook-core:5.5.1] AndroidManifest.xml:42:13-37
211
212        <receiver
212-->[com.facebook.android:facebook-core:5.5.1] AndroidManifest.xml:44:9-50:20
213            android:name="com.facebook.CurrentAccessTokenExpirationBroadcastReceiver"
213-->[com.facebook.android:facebook-core:5.5.1] AndroidManifest.xml:45:13-86
214            android:exported="false" >
214-->[com.facebook.android:facebook-core:5.5.1] AndroidManifest.xml:46:13-37
215            <intent-filter>
215-->[com.facebook.android:facebook-core:5.5.1] AndroidManifest.xml:47:13-49:29
216                <action android:name="com.facebook.sdk.ACTION_CURRENT_ACCESS_TOKEN_CHANGED" />
216-->[com.facebook.android:facebook-core:5.5.1] AndroidManifest.xml:48:17-95
216-->[com.facebook.android:facebook-core:5.5.1] AndroidManifest.xml:48:25-92
217            </intent-filter>
218        </receiver>
219        <receiver
219-->[com.facebook.android:facebook-core:5.5.1] AndroidManifest.xml:51:9-58:20
220            android:name="com.facebook.CampaignTrackingReceiver"
220-->[com.facebook.android:facebook-core:5.5.1] AndroidManifest.xml:52:13-65
221            android:exported="true"
221-->[com.facebook.android:facebook-core:5.5.1] AndroidManifest.xml:53:13-36
222            android:permission="android.permission.INSTALL_PACKAGES" >
222-->[com.facebook.android:facebook-core:5.5.1] AndroidManifest.xml:54:13-69
223            <intent-filter>
223-->[com.facebook.android:facebook-core:5.5.1] AndroidManifest.xml:55:13-57:29
224                <action android:name="com.android.vending.INSTALL_REFERRER" />
224-->[com.facebook.android:facebook-core:5.5.1] AndroidManifest.xml:56:17-79
224-->[com.facebook.android:facebook-core:5.5.1] AndroidManifest.xml:56:25-76
225            </intent-filter>
226        </receiver>
227    </application>
228
229</manifest>